<?xml version="1.0" encoding="UTF-8"?>
<coverage generated="1517410760997" clover="3.2.0">
  <project timestamp="1517410760998" name="All files">
    <metrics statements="136" coveredstatements="119" conditionals="20" coveredconditionals="11" methods="34" coveredmethods="23" elements="190" coveredelements="153" complexity="0" loc="136" ncloc="136" packages="3" files="4" classes="4">
      <package name="src">
        <metrics statements="49" coveredstatements="48" conditionals="6" coveredconditionals="3" methods="3" coveredmethods="2"/>
        <file name="app.ts" path="D:\Projects\_BorderGuru\ts\src\app.ts">
          <metrics statements="49" coveredstatements="48" conditionals="6" coveredconditionals="3" methods="3" coveredmethods="2"/>
          <line num="2" count="3" type="stmt"/>
          <line num="3" count="3" type="stmt"/>
          <line num="4" count="3" type="stmt"/>
          <line num="5" count="3" type="stmt"/>
          <line num="6" count="3" type="stmt"/>
          <line num="7" count="3" type="stmt"/>
          <line num="8" count="3" type="stmt"/>
          <line num="9" count="3" type="stmt"/>
          <line num="10" count="3" type="stmt"/>
          <line num="11" count="3" type="stmt"/>
          <line num="12" count="3" type="stmt"/>
          <line num="13" count="3" type="stmt"/>
          <line num="14" count="3" type="stmt"/>
          <line num="15" count="3" type="stmt"/>
          <line num="16" count="3" type="stmt"/>
          <line num="18" count="3" type="stmt"/>
          <line num="20" count="3" type="stmt"/>
          <line num="21" count="3" type="stmt"/>
          <line num="23" count="3" type="stmt"/>
          <line num="25" count="3" type="cond" truecount="1" falsecount="3"/>
          <line num="26" count="3" type="stmt"/>
          <line num="27" count="3" type="stmt"/>
          <line num="28" count="0" type="stmt"/>
          <line num="32" count="3" type="cond" truecount="2" falsecount="0"/>
          <line num="33" count="3" type="stmt"/>
          <line num="34" count="3" type="stmt"/>
          <line num="36" count="3" type="stmt"/>
          <line num="37" count="3" type="stmt"/>
          <line num="38" count="3" type="stmt"/>
          <line num="39" count="3" type="stmt"/>
          <line num="40" count="3" type="stmt"/>
          <line num="49" count="3" type="stmt"/>
          <line num="50" count="3" type="stmt"/>
          <line num="51" count="3" type="stmt"/>
          <line num="52" count="3" type="stmt"/>
          <line num="53" count="3" type="stmt"/>
          <line num="54" count="3" type="stmt"/>
          <line num="55" count="18" type="stmt"/>
          <line num="56" count="18" type="stmt"/>
          <line num="58" count="3" type="stmt"/>
          <line num="62" count="3" type="stmt"/>
          <line num="66" count="3" type="stmt"/>
          <line num="67" count="3" type="stmt"/>
          <line num="68" count="3" type="stmt"/>
          <line num="69" count="3" type="stmt"/>
          <line num="70" count="3" type="stmt"/>
          <line num="71" count="3" type="stmt"/>
          <line num="72" count="3" type="stmt"/>
          <line num="73" count="3" type="stmt"/>
        </file>
      </package>
      <package name="src.controllers">
        <metrics statements="82" coveredstatements="66" conditionals="14" coveredconditionals="8" methods="31" coveredmethods="21"/>
        <file name="home.ts" path="D:\Projects\_BorderGuru\ts\src\controllers\home.ts">
          <metrics statements="3" coveredstatements="3" conditionals="0" coveredconditionals="0" methods="1" coveredmethods="1"/>
          <line num="2" count="3" type="stmt"/>
          <line num="7" count="3" type="stmt"/>
          <line num="8" count="1" type="stmt"/>
        </file>
        <file name="order.ts" path="D:\Projects\_BorderGuru\ts\src\controllers\order.ts">
          <metrics statements="79" coveredstatements="63" conditionals="14" coveredconditionals="8" methods="30" coveredmethods="20"/>
          <line num="2" count="3" type="stmt"/>
          <line num="3" count="3" type="stmt"/>
          <line num="4" count="3" type="stmt"/>
          <line num="9" count="3" type="stmt"/>
          <line num="10" count="9" type="stmt"/>
          <line num="11" count="9" type="stmt"/>
          <line num="12" count="11" type="stmt"/>
          <line num="14" count="9" type="stmt"/>
          <line num="16" count="8" type="stmt"/>
          <line num="17" count="8" type="stmt"/>
          <line num="18" count="8" type="stmt"/>
          <line num="21" count="0" type="stmt"/>
          <line num="22" count="0" type="stmt"/>
          <line num="25" count="8" type="stmt"/>
          <line num="26" count="8" type="stmt"/>
          <line num="33" count="3" type="stmt"/>
          <line num="34" count="1" type="stmt"/>
          <line num="35" count="1" type="stmt"/>
          <line num="37" count="1" type="stmt"/>
          <line num="38" count="1" type="stmt"/>
          <line num="39" count="1" type="stmt"/>
          <line num="42" count="0" type="stmt"/>
          <line num="43" count="0" type="stmt"/>
          <line num="46" count="1" type="stmt"/>
          <line num="47" count="1" type="stmt"/>
          <line num="54" count="3" type="stmt"/>
          <line num="55" count="1" type="stmt"/>
          <line num="57" count="1" type="stmt"/>
          <line num="58" count="1" type="stmt"/>
          <line num="59" count="1" type="stmt"/>
          <line num="62" count="0" type="stmt"/>
          <line num="63" count="0" type="stmt"/>
          <line num="66" count="1" type="stmt"/>
          <line num="67" count="1" type="stmt"/>
          <line num="74" count="3" type="stmt"/>
          <line num="75" count="1" type="stmt"/>
          <line num="76" count="1" type="stmt"/>
          <line num="78" count="1" type="stmt"/>
          <line num="79" count="1" type="stmt"/>
          <line num="80" count="1" type="stmt"/>
          <line num="81" count="1" type="stmt"/>
          <line num="82" count="1" type="stmt"/>
          <line num="85" count="0" type="stmt"/>
          <line num="86" count="0" type="stmt"/>
          <line num="89" count="1" type="stmt"/>
          <line num="90" count="1" type="stmt"/>
          <line num="97" count="3" type="stmt"/>
          <line num="98" count="1" type="stmt"/>
          <line num="100" count="1" type="cond" truecount="1" falsecount="1"/>
          <line num="101" count="1" type="cond" truecount="1" falsecount="1"/>
          <line num="102" count="1" type="cond" truecount="1" falsecount="1"/>
          <line num="103" count="1" type="stmt"/>
          <line num="106" count="1" type="stmt"/>
          <line num="107" count="1" type="stmt"/>
          <line num="110" count="0" type="stmt"/>
          <line num="111" count="0" type="stmt"/>
          <line num="114" count="1" type="stmt"/>
          <line num="115" count="1" type="stmt"/>
          <line num="123" count="3" type="stmt"/>
          <line num="124" count="1" type="cond" truecount="1" falsecount="1"/>
          <line num="125" count="1" type="cond" truecount="2" falsecount="0"/>
          <line num="126" count="1" type="cond" truecount="1" falsecount="1"/>
          <line num="128" count="1" type="stmt"/>
          <line num="129" count="1" type="stmt"/>
          <line num="130" count="1" type="stmt"/>
          <line num="131" count="1" type="stmt"/>
          <line num="132" count="1" type="stmt"/>
          <line num="133" count="1" type="cond" truecount="1" falsecount="1"/>
          <line num="135" count="1" type="stmt"/>
          <line num="140" count="1" type="stmt"/>
          <line num="143" count="0" type="stmt"/>
          <line num="146" count="1" type="stmt"/>
          <line num="147" count="1" type="stmt"/>
          <line num="154" count="3" type="stmt"/>
          <line num="155" count="0" type="stmt"/>
          <line num="164" count="0" type="stmt"/>
          <line num="167" count="0" type="stmt"/>
          <line num="169" count="0" type="stmt"/>
          <line num="170" count="0" type="stmt"/>
        </file>
      </package>
      <package name="src.models">
        <metrics statements="5" coveredstatements="5" conditionals="0" coveredconditionals="0" methods="0" coveredmethods="0"/>
        <file name="Order.ts" path="D:\Projects\_BorderGuru\ts\src\models\Order.ts">
          <metrics statements="5" coveredstatements="5" conditionals="0" coveredconditionals="0" methods="0" coveredmethods="0"/>
          <line num="2" count="4" type="stmt"/>
          <line num="3" count="4" type="stmt"/>
          <line num="4" count="4" type="stmt"/>
          <line num="11" count="4" type="stmt"/>
          <line num="12" count="4" type="stmt"/>
        </file>
      </package>
    </metrics>
  </project>
</coverage>
