TN:
SF:D:\Projects\_BorderGuru\ts\src\app.ts
FN:27,(anonymous_0)
FN:27,(anonymous_1)
FN:54,(anonymous_2)
FNF:3
FNH:2
FNDA:3,(anonymous_0)
FNDA:0,(anonymous_1)
FNDA:18,(anonymous_2)
DA:2,3
DA:3,3
DA:4,3
DA:5,3
DA:6,3
DA:7,3
DA:8,3
DA:9,3
DA:10,3
DA:11,3
DA:12,3
DA:13,3
DA:14,3
DA:15,3
DA:16,3
DA:18,3
DA:20,3
DA:21,3
DA:23,3
DA:25,3
DA:26,3
DA:27,3
DA:28,0
DA:32,3
DA:33,3
DA:34,3
DA:36,3
DA:37,3
DA:38,3
DA:39,3
DA:40,3
DA:49,3
DA:50,3
DA:51,3
DA:52,3
DA:53,3
DA:54,3
DA:55,18
DA:56,18
DA:58,3
DA:62,3
DA:66,3
DA:67,3
DA:68,3
DA:69,3
DA:70,3
DA:71,3
DA:72,3
DA:73,3
LF:49
LH:48
BRDA:25,0,0,0
BRDA:25,0,1,3
BRDA:25,1,0,0
BRDA:25,1,1,0
BRDA:32,2,0,3
BRDA:32,2,1,3
BRF:6
BRH:3
end_of_record
TN:
SF:D:\Projects\_BorderGuru\ts\src\controllers\home.ts
FN:7,(anonymous_0)
FNF:1
FNH:1
FNDA:1,(anonymous_0)
DA:2,3
DA:7,3
DA:8,1
LF:3
LH:3
BRF:0
BRH:0
end_of_record
TN:
SF:D:\Projects\_BorderGuru\ts\src\controllers\order.ts
FN:9,(anonymous_0)
FN:11,(anonymous_1)
FN:15,(anonymous_2)
FN:20,(anonymous_3)
FN:24,(anonymous_4)
FN:33,(anonymous_5)
FN:36,(anonymous_6)
FN:41,(anonymous_7)
FN:45,(anonymous_8)
FN:54,(anonymous_9)
FN:56,(anonymous_10)
FN:61,(anonymous_11)
FN:65,(anonymous_12)
FN:74,(anonymous_13)
FN:77,(anonymous_14)
FN:84,(anonymous_15)
FN:88,(anonymous_16)
FN:97,(anonymous_17)
FN:99,(anonymous_18)
FN:105,(anonymous_19)
FN:109,(anonymous_20)
FN:113,(anonymous_21)
FN:123,(anonymous_22)
FN:140,(anonymous_23)
FN:143,(anonymous_24)
FN:145,(anonymous_25)
FN:154,(anonymous_26)
FN:164,(anonymous_27)
FN:167,(anonymous_28)
FN:168,(anonymous_29)
FNF:30
FNH:20
FNDA:9,(anonymous_0)
FNDA:11,(anonymous_1)
FNDA:8,(anonymous_2)
FNDA:0,(anonymous_3)
FNDA:8,(anonymous_4)
FNDA:1,(anonymous_5)
FNDA:1,(anonymous_6)
FNDA:0,(anonymous_7)
FNDA:1,(anonymous_8)
FNDA:1,(anonymous_9)
FNDA:1,(anonymous_10)
FNDA:0,(anonymous_11)
FNDA:1,(anonymous_12)
FNDA:1,(anonymous_13)
FNDA:1,(anonymous_14)
FNDA:0,(anonymous_15)
FNDA:1,(anonymous_16)
FNDA:1,(anonymous_17)
FNDA:1,(anonymous_18)
FNDA:1,(anonymous_19)
FNDA:0,(anonymous_20)
FNDA:1,(anonymous_21)
FNDA:1,(anonymous_22)
FNDA:1,(anonymous_23)
FNDA:0,(anonymous_24)
FNDA:1,(anonymous_25)
FNDA:0,(anonymous_26)
FNDA:0,(anonymous_27)
FNDA:0,(anonymous_28)
FNDA:0,(anonymous_29)
DA:2,3
DA:3,3
DA:4,3
DA:9,3
DA:10,9
DA:11,9
DA:12,11
DA:14,9
DA:16,8
DA:17,8
DA:18,8
DA:21,0
DA:22,0
DA:25,8
DA:26,8
DA:33,3
DA:34,1
DA:35,1
DA:37,1
DA:38,1
DA:39,1
DA:42,0
DA:43,0
DA:46,1
DA:47,1
DA:54,3
DA:55,1
DA:57,1
DA:58,1
DA:59,1
DA:62,0
DA:63,0
DA:66,1
DA:67,1
DA:74,3
DA:75,1
DA:76,1
DA:78,1
DA:79,1
DA:80,1
DA:81,1
DA:82,1
DA:85,0
DA:86,0
DA:89,1
DA:90,1
DA:97,3
DA:98,1
DA:100,1
DA:101,1
DA:102,1
DA:103,1
DA:106,1
DA:107,1
DA:110,0
DA:111,0
DA:114,1
DA:115,1
DA:123,3
DA:124,1
DA:125,1
DA:126,1
DA:128,1
DA:129,1
DA:130,1
DA:131,1
DA:132,1
DA:133,1
DA:135,1
DA:140,1
DA:143,0
DA:146,1
DA:147,1
DA:154,3
DA:155,0
DA:164,0
DA:167,0
DA:169,0
DA:170,0
LF:79
LH:63
BRDA:100,0,0,1
BRDA:100,0,1,0
BRDA:101,1,0,1
BRDA:101,1,1,0
BRDA:102,2,0,1
BRDA:102,2,1,0
BRDA:124,3,0,1
BRDA:124,3,1,0
BRDA:125,4,0,1
BRDA:125,4,1,1
BRDA:126,5,0,1
BRDA:126,5,1,0
BRDA:133,6,0,1
BRDA:133,6,1,0
BRF:14
BRH:8
end_of_record
TN:
SF:D:\Projects\_BorderGuru\ts\src\models\Order.ts
FNF:0
FNH:0
DA:2,4
DA:3,4
DA:4,4
DA:11,4
DA:12,4
LF:5
LH:5
BRF:0
BRH:0
end_of_record
