TN:
SF:D:\Projects\_BorderGuru\ts\src\app.ts
FN:32,(anonymous_0)
FN:32,(anonymous_1)
FN:59,(anonymous_2)
FN:63,(anonymous_3)
FN:108,(anonymous_4)
FNF:5
FNH:3
FNDA:5,(anonymous_0)
FNDA:0,(anonymous_1)
FNDA:10,(anonymous_2)
FNDA:10,(anonymous_3)
FNDA:0,(anonymous_4)
DA:2,5
DA:3,5
DA:4,5
DA:5,5
DA:6,5
DA:7,5
DA:8,5
DA:9,5
DA:10,5
DA:11,5
DA:12,5
DA:13,5
DA:14,5
DA:15,5
DA:16,5
DA:17,5
DA:19,5
DA:21,5
DA:22,5
DA:23,5
DA:24,5
DA:26,5
DA:28,5
DA:30,5
DA:31,5
DA:32,5
DA:33,0
DA:37,5
DA:38,5
DA:39,5
DA:40,5
DA:41,5
DA:42,5
DA:43,5
DA:44,5
DA:45,5
DA:54,5
DA:55,5
DA:56,5
DA:57,5
DA:58,5
DA:59,5
DA:60,10
DA:61,10
DA:63,5
DA:65,10
DA:70,7
DA:72,3
DA:74,0
DA:76,10
DA:78,5
DA:82,5
DA:83,5
DA:84,5
DA:85,5
DA:86,5
DA:87,5
DA:88,5
DA:89,5
DA:90,5
DA:91,5
DA:92,5
DA:93,5
DA:94,5
DA:95,5
DA:96,5
DA:97,5
DA:98,5
DA:102,5
DA:103,5
DA:107,5
DA:108,5
DA:109,0
DA:114,5
DA:115,5
LF:75
LH:72
BRDA:37,0,0,5
BRDA:37,0,1,5
BRDA:65,1,0,7
BRDA:65,1,1,3
BRDA:65,2,0,10
BRDA:65,2,1,10
BRDA:65,2,2,8
BRDA:65,2,3,7
BRDA:65,2,4,7
BRDA:72,3,0,0
BRDA:72,3,1,3
BRDA:72,4,0,3
BRDA:72,4,1,0
BRDA:109,5,0,0
BRDA:109,5,1,0
BRF:15
BRH:11
end_of_record
TN:
SF:D:\Projects\_BorderGuru\ts\src\config\passport.ts
FN:11,(anonymous_0)
FN:14,(anonymous_1)
FN:15,(anonymous_2)
FN:22,(anonymous_3)
FN:23,(anonymous_4)
FN:30,(anonymous_5)
FN:64,(anonymous_6)
FN:66,(anonymous_7)
FN:75,(anonymous_8)
FN:84,(anonymous_9)
FN:93,(anonymous_10)
FN:100,(anonymous_11)
FN:117,(anonymous_12)
FN:128,(anonymous_13)
FN:137,(anonymous_14)
FNF:15
FNH:0
FNDA:0,(anonymous_0)
FNDA:0,(anonymous_1)
FNDA:0,(anonymous_2)
FNDA:0,(anonymous_3)
FNDA:0,(anonymous_4)
FNDA:0,(anonymous_5)
FNDA:0,(anonymous_6)
FNDA:0,(anonymous_7)
FNDA:0,(anonymous_8)
FNDA:0,(anonymous_9)
FNDA:0,(anonymous_10)
FNDA:0,(anonymous_11)
FNDA:0,(anonymous_12)
FNDA:0,(anonymous_13)
FNDA:0,(anonymous_14)
DA:2,5
DA:3,5
DA:4,5
DA:5,5
DA:6,5
DA:8,5
DA:9,5
DA:10,5
DA:11,5
DA:12,0
DA:14,5
DA:15,0
DA:16,0
DA:22,5
DA:23,0
DA:24,0
DA:25,0
DA:27,0
DA:28,0
DA:30,0
DA:31,0
DA:32,0
DA:34,0
DA:35,0
DA:37,0
DA:58,5
DA:65,0
DA:66,0
DA:67,0
DA:68,0
DA:70,0
DA:71,0
DA:72,0
DA:75,0
DA:76,0
DA:77,0
DA:79,0
DA:80,0
DA:81,0
DA:82,0
DA:83,0
DA:84,0
DA:85,0
DA:86,0
DA:93,0
DA:94,0
DA:95,0
DA:97,0
DA:98,0
DA:100,0
DA:101,0
DA:102,0
DA:104,0
DA:105,0
DA:106,0
DA:109,0
DA:110,0
DA:111,0
DA:112,0
DA:113,0
DA:114,0
DA:115,0
DA:116,0
DA:117,0
DA:118,0
DA:128,5
DA:129,0
DA:130,0
DA:132,0
DA:137,5
DA:138,0
DA:139,0
DA:140,0
DA:143,0
LF:74
LH:14
BRDA:24,0,0,0
BRDA:24,0,1,0
BRDA:27,1,0,0
BRDA:27,1,1,0
BRDA:31,2,0,0
BRDA:31,2,1,0
BRDA:34,3,0,0
BRDA:34,3,1,0
BRDA:65,4,0,0
BRDA:65,4,1,0
BRDA:67,5,0,0
BRDA:67,5,1,0
BRDA:70,6,0,0
BRDA:70,6,1,0
BRDA:76,7,0,0
BRDA:76,7,1,0
BRDA:81,8,0,0
BRDA:81,8,1,0
BRDA:82,9,0,0
BRDA:82,9,1,0
BRDA:83,10,0,0
BRDA:83,10,1,0
BRDA:94,11,0,0
BRDA:94,11,1,0
BRDA:97,12,0,0
BRDA:97,12,1,0
BRDA:101,13,0,0
BRDA:101,13,1,0
BRDA:104,14,0,0
BRDA:104,14,1,0
BRDA:116,15,0,0
BRDA:116,15,1,0
BRDA:129,16,0,0
BRDA:129,16,1,0
BRDA:139,17,0,0
BRDA:139,17,1,0
BRF:36
BRH:0
end_of_record
TN:
SF:D:\Projects\_BorderGuru\ts\src\controllers\api.ts
FN:10,(anonymous_0)
FN:19,(anonymous_1)
FN:20,(anonymous_2)
FN:22,(anonymous_3)
FN:32,(anonymous_4)
FN:34,(anonymous_5)
FN:45,(anonymous_6)
FN:50,(anonymous_7)
FN:54,(anonymous_8)
FNF:9
FNH:3
FNDA:1,(anonymous_0)
FNDA:0,(anonymous_1)
FNDA:0,(anonymous_2)
FNDA:0,(anonymous_3)
FNDA:1,(anonymous_4)
FNDA:3,(anonymous_5)
FNDA:0,(anonymous_6)
FNDA:0,(anonymous_7)
FNDA:0,(anonymous_8)
DA:2,5
DA:3,5
DA:4,5
DA:5,5
DA:10,5
DA:11,1
DA:19,5
DA:20,0
DA:21,0
DA:22,0
DA:23,0
DA:24,0
DA:26,0
DA:32,5
DA:33,1
DA:34,1
DA:35,3
DA:37,1
DA:38,1
DA:39,1
DA:40,1
DA:41,1
DA:44,0
DA:46,0
DA:47,0
DA:48,0
DA:51,0
DA:52,0
DA:55,0
DA:56,0
LF:30
LH:16
BRDA:23,0,0,0
BRDA:23,0,1,0
BRDA:37,1,0,1
BRDA:37,1,1,0
BRF:4
BRH:1
end_of_record
TN:
SF:D:\Projects\_BorderGuru\ts\src\controllers\contact.ts
FN:15,(anonymous_0)
FN:24,(anonymous_1)
FN:39,(anonymous_2)
FNF:3
FNH:2
FNDA:1,(anonymous_0)
FNDA:1,(anonymous_1)
FNDA:0,(anonymous_2)
DA:2,5
DA:3,5
DA:4,5
DA:15,5
DA:16,1
DA:24,5
DA:25,1
DA:26,1
DA:27,1
DA:28,1
DA:29,1
DA:30,1
DA:31,1
DA:33,0
DA:39,0
DA:40,0
DA:41,0
DA:42,0
DA:44,0
DA:45,0
LF:20
LH:13
BRDA:29,0,0,1
BRDA:29,0,1,0
BRDA:40,1,0,0
BRDA:40,1,1,0
BRF:4
BRH:1
end_of_record
TN:
SF:D:\Projects\_BorderGuru\ts\src\controllers\home.ts
FN:7,(anonymous_0)
FNF:1
FNH:1
FNDA:1,(anonymous_0)
DA:2,5
DA:7,5
DA:8,1
LF:3
LH:3
BRF:0
BRH:0
end_of_record
TN:
SF:D:\Projects\_BorderGuru\ts\src\controllers\user.ts
FN:13,(anonymous_0)
FN:25,(anonymous_1)
FN:34,(anonymous_2)
FN:42,(anonymous_3)
FN:55,(anonymous_4)
FN:63,(anonymous_5)
FN:75,(anonymous_6)
FN:89,(anonymous_7)
FN:97,(anonymous_8)
FN:101,(anonymous_9)
FN:114,(anonymous_10)
FN:123,(anonymous_11)
FN:131,(anonymous_12)
FN:140,(anonymous_13)
FN:157,(anonymous_14)
FN:165,(anonymous_15)
FN:170,(anonymous_16)
FN:183,(anonymous_17)
FN:184,(anonymous_18)
FN:197,(anonymous_19)
FN:199,(anonymous_20)
FN:204,(anonymous_21)
FN:205,(anonymous_22)
FN:218,(anonymous_23)
FN:225,(anonymous_24)
FN:242,(anonymous_25)
FN:251,resetPassword
FN:255,(anonymous_27)
FN:266,(anonymous_28)
FN:270,(anonymous_29)
FN:276,sendResetPasswordEmail
FN:290,(anonymous_31)
FN:295,(anonymous_32)
FN:306,(anonymous_33)
FN:318,(anonymous_34)
FN:327,createRandomToken
FN:328,(anonymous_36)
FN:333,setRandomToken
FN:334,(anonymous_38)
FN:344,(anonymous_39)
FN:349,sendForgotPasswordEmail
FN:366,(anonymous_41)
FN:371,(anonymous_42)
FNF:43
FNH:3
FNDA:1,(anonymous_0)
FNDA:1,(anonymous_1)
FNDA:0,(anonymous_2)
FNDA:0,(anonymous_3)
FNDA:0,(anonymous_4)
FNDA:1,(anonymous_5)
FNDA:0,(anonymous_6)
FNDA:0,(anonymous_7)
FNDA:0,(anonymous_8)
FNDA:0,(anonymous_9)
FNDA:0,(anonymous_10)
FNDA:0,(anonymous_11)
FNDA:0,(anonymous_12)
FNDA:0,(anonymous_13)
FNDA:0,(anonymous_14)
FNDA:0,(anonymous_15)
FNDA:0,(anonymous_16)
FNDA:0,(anonymous_17)
FNDA:0,(anonymous_18)
FNDA:0,(anonymous_19)
FNDA:0,(anonymous_20)
FNDA:0,(anonymous_21)
FNDA:0,(anonymous_22)
FNDA:0,(anonymous_23)
FNDA:0,(anonymous_24)
FNDA:0,(anonymous_25)
FNDA:0,resetPassword
FNDA:0,(anonymous_27)
FNDA:0,(anonymous_28)
FNDA:0,(anonymous_29)
FNDA:0,sendResetPasswordEmail
FNDA:0,(anonymous_31)
FNDA:0,(anonymous_32)
FNDA:0,(anonymous_33)
FNDA:0,(anonymous_34)
FNDA:0,createRandomToken
FNDA:0,(anonymous_36)
FNDA:0,setRandomToken
FNDA:0,(anonymous_38)
FNDA:0,(anonymous_39)
FNDA:0,sendForgotPasswordEmail
FNDA:0,(anonymous_41)
FNDA:0,(anonymous_42)
DA:2,5
DA:3,5
DA:4,5
DA:5,5
DA:6,5
DA:7,5
DA:8,5
DA:13,5
DA:14,1
DA:15,0
DA:17,1
DA:25,5
DA:26,1
DA:27,1
DA:28,1
DA:29,1
DA:30,1
DA:31,1
DA:32,1
DA:34,0
DA:35,0
DA:36,0
DA:38,0
DA:39,0
DA:40,0
DA:42,0
DA:43,0
DA:44,0
DA:46,0
DA:47,0
DA:55,5
DA:56,0
DA:57,0
DA:63,5
DA:64,1
DA:65,0
DA:67,1
DA:75,5
DA:76,0
DA:77,0
DA:78,0
DA:79,0
DA:80,0
DA:81,0
DA:82,0
DA:83,0
DA:85,0
DA:89,0
DA:90,0
DA:91,0
DA:93,0
DA:94,0
DA:95,0
DA:97,0
DA:98,0
DA:99,0
DA:101,0
DA:102,0
DA:103,0
DA:105,0
DA:114,5
DA:115,0
DA:123,5
DA:124,0
DA:125,0
DA:126,0
DA:127,0
DA:128,0
DA:129,0
DA:131,0
DA:132,0
DA:133,0
DA:135,0
DA:136,0
DA:137,0
DA:138,0
DA:139,0
DA:140,0
DA:141,0
DA:142,0
DA:143,0
DA:144,0
DA:146,0
DA:148,0
DA:149,0
DA:157,5
DA:158,0
DA:159,0
DA:160,0
DA:161,0
DA:162,0
DA:163,0
DA:165,0
DA:166,0
DA:167,0
DA:169,0
DA:170,0
DA:171,0
DA:172,0
DA:174,0
DA:175,0
DA:183,5
DA:184,0
DA:185,0
DA:186,0
DA:188,0
DA:189,0
DA:190,0
DA:197,5
DA:198,0
DA:199,0
DA:200,0
DA:201,0
DA:203,0
DA:204,0
DA:205,0
DA:206,0
DA:207,0
DA:209,0
DA:210,0
DA:218,5
DA:219,0
DA:220,0
DA:222,0
DA:226,0
DA:227,0
DA:229,0
DA:230,0
DA:231,0
DA:233,0
DA:242,5
DA:243,0
DA:244,0
DA:245,0
DA:246,0
DA:247,0
DA:248,0
DA:250,0
DA:252,0
DA:256,0
DA:257,0
DA:259,0
DA:260,0
DA:261,0
DA:263,0
DA:264,0
DA:265,0
DA:266,0
DA:267,0
DA:268,0
DA:270,0
DA:271,0
DA:277,0
DA:284,0
DA:290,0
DA:291,0
DA:292,0
DA:296,0
DA:297,0
DA:299,0
DA:306,5
DA:307,0
DA:308,0
DA:310,0
DA:318,5
DA:319,0
DA:320,0
DA:321,0
DA:322,0
DA:323,0
DA:324,0
DA:326,0
DA:328,0
DA:329,0
DA:330,0
DA:334,0
DA:335,0
DA:336,0
DA:338,0
DA:339,0
DA:340,0
DA:342,0
DA:343,0
DA:344,0
DA:345,0
DA:350,0
DA:357,0
DA:366,0
DA:367,0
DA:368,0
DA:372,0
DA:373,0
DA:375,0
LF:193
LH:32
BRDA:14,0,0,0
BRDA:14,0,1,1
BRDA:30,1,0,1
BRDA:30,1,1,0
BRDA:35,2,0,0
BRDA:35,2,1,0
BRDA:38,3,0,0
BRDA:38,3,1,0
BRDA:43,4,0,0
BRDA:43,4,1,0
BRDA:47,5,0,0
BRDA:47,5,1,0
BRDA:64,6,0,0
BRDA:64,6,1,1
BRDA:81,7,0,0
BRDA:81,7,1,0
BRDA:90,8,0,0
BRDA:90,8,1,0
BRDA:93,9,0,0
BRDA:93,9,1,0
BRDA:98,10,0,0
BRDA:98,10,1,0
BRDA:102,11,0,0
BRDA:102,11,1,0
BRDA:127,12,0,0
BRDA:127,12,1,0
BRDA:132,13,0,0
BRDA:132,13,1,0
BRDA:135,14,0,0
BRDA:135,14,1,0
BRDA:136,15,0,0
BRDA:136,15,1,0
BRDA:137,16,0,0
BRDA:137,16,1,0
BRDA:138,17,0,0
BRDA:138,17,1,0
BRDA:139,18,0,0
BRDA:139,18,1,0
BRDA:141,19,0,0
BRDA:141,19,1,0
BRDA:142,20,0,0
BRDA:142,20,1,0
BRDA:161,21,0,0
BRDA:161,21,1,0
BRDA:166,22,0,0
BRDA:166,22,1,0
BRDA:171,23,0,0
BRDA:171,23,1,0
BRDA:185,24,0,0
BRDA:185,24,1,0
BRDA:200,25,0,0
BRDA:200,25,1,0
BRDA:206,26,0,0
BRDA:206,26,1,0
BRDA:219,27,0,0
BRDA:219,27,1,0
BRDA:226,28,0,0
BRDA:226,28,1,0
BRDA:229,29,0,0
BRDA:229,29,1,0
BRDA:246,30,0,0
BRDA:246,30,1,0
BRDA:256,31,0,0
BRDA:256,31,1,0
BRDA:259,32,0,0
BRDA:259,32,1,0
BRDA:267,33,0,0
BRDA:267,33,1,0
BRDA:296,34,0,0
BRDA:296,34,1,0
BRDA:307,35,0,0
BRDA:307,35,1,0
BRDA:322,36,0,0
BRDA:322,36,1,0
BRDA:335,37,0,0
BRDA:335,37,1,0
BRDA:338,38,0,0
BRDA:338,38,1,0
BRDA:372,39,0,0
BRDA:372,39,1,0
BRF:80
BRH:3
end_of_record
TN:
SF:D:\Projects\_BorderGuru\ts\src\models\Order.ts
FNF:0
FNH:0
DA:2,5
DA:3,5
DA:4,5
DA:11,5
DA:12,5
LF:5
LH:5
BRF:0
BRH:0
end_of_record
TN:
SF:D:\Projects\_BorderGuru\ts\src\models\User.ts
FN:26,save
FN:31,(anonymous_1)
FN:35,(anonymous_2)
FN:44,(anonymous_3)
FN:45,(anonymous_4)
FN:52,(anonymous_5)
FNF:6
FNH:0
FNDA:0,save
FNDA:0,(anonymous_1)
FNDA:0,(anonymous_2)
FNDA:0,(anonymous_3)
FNDA:0,(anonymous_4)
FNDA:0,(anonymous_5)
DA:2,5
DA:3,5
DA:4,5
DA:5,5
DA:6,5
DA:26,5
DA:27,0
DA:28,0
DA:29,0
DA:31,0
DA:32,0
DA:33,0
DA:35,0
DA:36,0
DA:37,0
DA:39,0
DA:40,0
DA:44,5
DA:45,0
DA:46,0
DA:52,5
DA:53,0
DA:54,0
DA:56,0
DA:57,0
DA:59,0
DA:60,0
DA:63,5
DA:64,5
LF:29
LH:10
BRDA:28,0,0,0
BRDA:28,0,1,0
BRDA:32,1,0,0
BRDA:32,1,1,0
BRDA:36,2,0,0
BRDA:36,2,1,0
BRDA:53,3,0,0
BRDA:53,3,1,0
BRDA:56,4,0,0
BRDA:56,4,1,0
BRF:10
BRH:0
end_of_record
